TN:
SF:src/todo-list-lit-styles.js
FNF:0
FNH:0
DA:1,1
DA:2,1
DA:3,1
DA:4,1
DA:5,1
DA:6,1
DA:7,1
DA:8,1
DA:9,1
DA:10,1
DA:11,1
DA:12,1
DA:13,1
DA:14,1
DA:15,1
DA:16,1
DA:17,1
DA:18,1
DA:19,1
DA:20,1
DA:21,1
DA:22,1
DA:23,1
DA:24,1
DA:25,1
DA:26,1
DA:27,1
DA:28,1
DA:29,1
DA:30,1
DA:31,1
DA:32,1
DA:33,1
DA:34,1
DA:35,1
DA:36,1
DA:37,1
DA:38,1
DA:39,1
LF:39
LH:39
BRDA:1,0,0,1
BRF:1
BRH:1
end_of_record
TN:
SF:src/todo-list-lit.js
FN:10,get properties
FN:19,get styles
FN:23,TodoListLit
FN:31,get hasSelectedNotes
FN:35,headerTemplate
FN:59,emptyTemplate
FN:65,notesTemplate
FN:85,render
FN:98,_handleNotesLoaded
FN:103,_handleInputChange
FN:107,_handleNoteSelectionChange
FN:116,_addNote
FN:122,_deleteSelectedNotes
FN:128,_uncheckAllNotes
FNF:14
FNH:9
FNDA:1,get properties
FNDA:1,get styles
FNDA:1,TodoListLit
FNDA:1,get hasSelectedNotes
FNDA:1,headerTemplate
FNDA:1,emptyTemplate
FNDA:1,notesTemplate
FNDA:1,render
FNDA:1,_handleNotesLoaded
FNDA:0,_handleInputChange
FNDA:0,_handleNoteSelectionChange
FNDA:0,_addNote
FNDA:0,_deleteSelectedNotes
FNDA:0,_uncheckAllNotes
DA:1,1
DA:2,1
DA:3,1
DA:4,1
DA:5,1
DA:6,1
DA:7,1
DA:8,1
DA:9,1
DA:10,1
DA:11,1
DA:12,1
DA:13,1
DA:14,1
DA:15,1
DA:16,1
DA:17,1
DA:18,1
DA:19,1
DA:20,1
DA:21,1
DA:22,1
DA:23,1
DA:24,1
DA:25,1
DA:26,1
DA:27,1
DA:28,1
DA:29,1
DA:30,1
DA:31,1
DA:32,1
DA:33,1
DA:34,1
DA:35,1
DA:36,1
DA:37,1
DA:38,1
DA:39,1
DA:40,1
DA:41,1
DA:42,1
DA:43,1
DA:44,1
DA:45,1
DA:46,1
DA:47,1
DA:48,1
DA:49,1
DA:50,1
DA:51,1
DA:52,1
DA:53,1
DA:54,1
DA:55,1
DA:56,1
DA:57,1
DA:58,1
DA:59,1
DA:60,1
DA:61,1
DA:62,1
DA:63,1
DA:64,1
DA:65,1
DA:66,1
DA:67,1
DA:68,1
DA:69,1
DA:70,1
DA:71,1
DA:72,1
DA:73,1
DA:74,1
DA:75,1
DA:76,1
DA:77,1
DA:78,1
DA:79,1
DA:80,1
DA:81,1
DA:82,1
DA:83,1
DA:84,1
DA:85,1
DA:86,1
DA:87,1
DA:88,1
DA:89,1
DA:90,1
DA:91,1
DA:92,1
DA:93,1
DA:94,1
DA:95,1
DA:96,1
DA:97,1
DA:98,1
DA:99,1
DA:100,1
DA:101,1
DA:102,1
DA:103,1
DA:104,0
DA:105,0
DA:106,1
DA:107,1
DA:108,0
DA:109,0
DA:110,0
DA:111,0
DA:112,0
DA:113,0
DA:114,0
DA:115,1
DA:116,1
DA:117,0
DA:118,0
DA:119,0
DA:120,0
DA:121,1
DA:122,1
DA:123,0
DA:124,0
DA:125,0
DA:126,0
DA:127,1
DA:128,1
DA:129,0
DA:130,0
DA:131,0
DA:132,0
DA:133,0
DA:134,0
DA:135,0
DA:136,1
DA:137,1
DA:138,1
LF:138
LH:114
BRDA:1,0,0,1
BRDA:10,1,0,1
BRDA:19,2,0,1
BRDA:23,3,0,1
BRDA:31,4,0,1
BRDA:35,5,0,1
BRDA:59,6,0,1
BRDA:65,7,0,1
BRDA:74,8,0,1
BRDA:85,9,0,1
BRDA:98,10,0,1
BRF:11
BRH:11
end_of_record
TN:
SF:src/components/gft-button/GftButton-styles.js
FNF:0
FNH:0
DA:1,2
DA:2,2
DA:3,2
DA:4,2
DA:5,2
DA:6,2
DA:7,2
DA:8,2
DA:9,2
DA:10,2
DA:11,2
DA:12,2
DA:13,2
DA:14,2
DA:15,2
DA:16,2
DA:17,2
DA:18,2
DA:19,2
DA:20,2
DA:21,2
DA:22,2
DA:23,2
DA:24,2
DA:25,2
DA:26,2
DA:27,2
DA:28,2
DA:29,2
DA:30,2
DA:31,2
DA:32,2
DA:33,2
LF:33
LH:33
BRDA:1,0,0,2
BRF:1
BRH:1
end_of_record
TN:
SF:src/components/gft-button/GftButton.js
FN:4,<static_initializer>
FN:5,get styles
FN:13,GftButton
FN:18,render
FN:26,_handleClick
FNF:5
FNH:5
FNDA:2,<static_initializer>
FNDA:2,get styles
FNDA:2,GftButton
FNDA:2,render
FNDA:1,_handleClick
DA:1,2
DA:2,2
DA:3,2
DA:4,2
DA:5,2
DA:6,2
DA:7,2
DA:8,2
DA:9,2
DA:10,2
DA:11,2
DA:12,2
DA:13,2
DA:14,2
DA:15,2
DA:16,2
DA:17,2
DA:18,2
DA:19,2
DA:20,2
DA:21,2
DA:22,2
DA:23,2
DA:24,2
DA:25,2
DA:26,2
DA:27,1
DA:28,1
DA:29,1
DA:30,1
DA:31,1
DA:32,1
DA:33,1
DA:34,2
DA:35,2
DA:36,2
LF:36
LH:36
BRDA:1,0,0,2
BRDA:4,1,0,2
BRDA:5,2,0,2
BRDA:13,3,0,2
BRDA:18,4,0,2
BRDA:26,5,0,2
BRF:6
BRH:6
end_of_record
TN:
SF:src/components/gft-checkbox/GftCheckbox-styles.js
FNF:0
FNH:0
DA:1,2
DA:2,2
DA:3,2
DA:4,2
DA:5,2
DA:6,2
DA:7,2
DA:8,2
LF:8
LH:8
BRDA:1,0,0,2
BRF:1
BRH:1
end_of_record
TN:
SF:src/components/gft-checkbox/GftCheckbox.js
FN:4,<static_initializer>
FN:5,get styles
FN:13,GftCheckbox
FN:18,render
FN:28,_handleChange
FNF:5
FNH:5
FNDA:2,<static_initializer>
FNDA:2,get styles
FNDA:2,GftCheckbox
FNDA:2,render
FNDA:1,_handleChange
DA:1,2
DA:2,2
DA:3,2
DA:4,2
DA:5,2
DA:6,2
DA:7,2
DA:8,2
DA:9,2
DA:10,2
DA:11,2
DA:12,2
DA:13,2
DA:14,2
DA:15,2
DA:16,2
DA:17,2
DA:18,2
DA:19,2
DA:20,2
DA:21,2
DA:22,2
DA:23,2
DA:24,2
DA:25,2
DA:26,2
DA:27,2
DA:28,2
DA:29,1
DA:30,1
DA:31,1
DA:32,1
DA:33,1
DA:34,1
DA:35,1
DA:36,1
DA:37,1
DA:38,2
DA:39,2
DA:40,2
LF:40
LH:40
BRDA:1,0,0,2
BRDA:4,1,0,2
BRDA:5,2,0,2
BRDA:13,3,0,2
BRDA:18,4,0,2
BRDA:28,5,0,2
BRF:6
BRH:6
end_of_record
TN:
SF:src/components/gft-input/GftInput-styles.js
FNF:0
FNH:0
DA:1,2
DA:2,2
DA:3,2
DA:4,2
DA:5,2
DA:6,2
DA:7,2
DA:8,2
DA:9,2
DA:10,2
LF:10
LH:10
BRDA:1,0,0,2
BRF:1
BRH:1
end_of_record
TN:
SF:src/components/gft-input/GftInput.js
FN:4,<static_initializer>
FN:5,get styles
FN:14,GftInput
FN:20,render
FN:31,_handleInput
FNF:5
FNH:5
FNDA:2,<static_initializer>
FNDA:2,get styles
FNDA:2,GftInput
FNDA:2,render
FNDA:1,_handleInput
DA:1,2
DA:2,2
DA:3,2
DA:4,2
DA:5,2
DA:6,2
DA:7,2
DA:8,2
DA:9,2
DA:10,2
DA:11,2
DA:12,2
DA:13,2
DA:14,2
DA:15,2
DA:16,2
DA:17,2
DA:18,2
DA:19,2
DA:20,2
DA:21,2
DA:22,2
DA:23,2
DA:24,2
DA:25,2
DA:26,2
DA:27,2
DA:28,2
DA:29,2
DA:30,2
DA:31,2
DA:32,1
DA:33,1
DA:34,1
DA:35,1
DA:36,1
DA:37,1
DA:38,1
DA:39,1
DA:40,1
DA:41,2
DA:42,2
DA:43,2
LF:43
LH:43
BRDA:1,0,0,2
BRDA:4,1,0,2
BRDA:5,2,0,2
BRDA:14,3,0,2
BRDA:20,4,0,2
BRDA:31,5,0,2
BRF:6
BRH:6
end_of_record
TN:
SF:src/components/gft-note/GftNote-styles.js
FNF:0
FNH:0
DA:1,2
DA:2,2
DA:3,2
DA:4,2
DA:5,2
DA:6,2
DA:7,2
DA:8,2
DA:9,2
DA:10,2
DA:11,2
DA:12,2
DA:13,2
DA:14,2
DA:15,2
DA:16,2
DA:17,2
DA:18,2
DA:19,2
DA:20,2
DA:21,2
LF:21
LH:21
BRDA:1,0,0,2
BRF:1
BRH:1
end_of_record
TN:
SF:src/components/gft-note/GftNote.js
FN:4,<static_initializer>
FN:5,get styles
FN:17,GftNote
FN:23,render
FN:33,_handleCheckboxChange
FNF:5
FNH:5
FNDA:2,<static_initializer>
FNDA:2,get styles
FNDA:2,GftNote
FNDA:2,render
FNDA:1,_handleCheckboxChange
DA:1,2
DA:2,2
DA:3,2
DA:4,2
DA:5,2
DA:6,2
DA:7,2
DA:8,2
DA:9,2
DA:10,2
DA:11,2
DA:12,2
DA:13,2
DA:14,2
DA:15,2
DA:16,2
DA:17,2
DA:18,2
DA:19,2
DA:20,2
DA:21,2
DA:22,2
DA:23,2
DA:24,2
DA:25,2
DA:26,2
DA:27,2
DA:28,2
DA:29,2
DA:30,2
DA:31,2
DA:32,2
DA:33,2
DA:34,1
DA:35,1
DA:36,1
DA:37,1
DA:38,1
DA:39,1
DA:40,1
DA:41,1
DA:42,1
DA:43,2
DA:44,2
DA:45,2
LF:45
LH:45
BRDA:1,0,0,2
BRDA:4,1,0,2
BRDA:5,2,0,2
BRDA:17,3,0,2
BRDA:23,4,0,2
BRDA:33,5,0,2
BRF:6
BRH:6
end_of_record
TN:
SF:src/components/gft-notes-data-manager/GftNotesDataManager.js
FN:3,<static_initializer>
FN:8,GftNotesDataManager
FN:13,connectedCallback
FN:18,_fetchNotes
FNF:4
FNH:4
FNDA:2,<static_initializer>
FNDA:2,GftNotesDataManager
FNDA:2,connectedCallback
FNDA:1,_fetchNotes
DA:1,2
DA:2,2
DA:3,2
DA:4,2
DA:5,2
DA:6,2
DA:7,2
DA:8,2
DA:9,2
DA:10,2
DA:11,2
DA:12,2
DA:13,2
DA:14,2
DA:15,2
DA:16,2
DA:17,2
DA:18,2
DA:19,1
DA:20,1
DA:21,1
DA:22,1
DA:23,1
DA:24,1
DA:25,1
DA:26,1
DA:27,1
DA:28,1
DA:29,1
DA:30,1
DA:31,1
DA:32,1
DA:33,2
DA:34,2
DA:35,2
LF:35
LH:35
BRDA:1,0,0,2
BRDA:3,1,0,2
BRDA:8,2,0,2
BRDA:13,3,0,2
BRDA:18,4,0,2
BRF:5
BRH:5
end_of_record
TN:
SF:test/mocks.js
FNF:0
FNH:0
DA:1,1
DA:2,1
DA:3,1
DA:4,1
DA:5,1
DA:6,1
DA:7,1
DA:8,1
DA:9,1
LF:9
LH:9
BRDA:1,0,0,1
BRF:1
BRH:1
end_of_record
